Using pre-set license
Built from '2020.3/staging' branch; Version is '2020.3.3f1 (76626098c1c4) revision 7758432'; Using compiler version '192528614'; Build Type 'Release'
OS: 'Windows 10 Home; OS build 22000.493; Version 2009; 64bit' Language: 'en' Physical Memory: 16086 MB
BatchMode: 1, IsHumanControllingUs: 0, StartBugReporterOnCrash: 0, Is64bit: 1, IsPro: 0

 COMMAND LINE ARGUMENTS:
C:\Program Files\Unity\Hub\Editor\2020.3.3f1\Editor\Unity.exe
-adb2
-batchMode
-noUpm
-name
AssetImportWorker0
-projectPath
C:/Users/marka/Documents/GameDevelopment/GitHub/Working Title
-logFile
Logs/AssetImportWorker0.log
-srvPort
54207
Successfully changed project path to: C:/Users/marka/Documents/GameDevelopment/GitHub/Working Title
C:/Users/marka/Documents/GameDevelopment/GitHub/Working Title
Using Asset Import Pipeline V2.
Refreshing native plugins compatible for Editor in 41.43 ms, found 3 plugins.
Preloading 0 native plugins for Editor in 0.00 ms.
Initialize engine version: 2020.3.3f1 (76626098c1c4)
[Subsystems] Discovering subsystems at path C:/Program Files/Unity/Hub/Editor/2020.3.3f1/Editor/Data/Resources/UnitySubsystems
[Subsystems] Discovering subsystems at path C:/Users/marka/Documents/GameDevelopment/GitHub/Working Title/Assets
GfxDevice: creating device client; threaded=0
Direct3D:
    Version:  Direct3D 11.0 [level 11.1]
    Renderer: NVIDIA GeForce MX330 (ID=0x1d16)
    Vendor:   
    VRAM:     1983 MB
    Driver:   27.21.14.6280
Initialize mono
Mono path[0] = 'C:/Program Files/Unity/Hub/Editor/2020.3.3f1/Editor/Data/Managed'
Mono path[1] = 'C:/Program Files/Unity/Hub/Editor/2020.3.3f1/Editor/Data/MonoBleedingEdge/lib/mono/unityjit'
Mono config path = 'C:/Program Files/Unity/Hub/Editor/2020.3.3f1/Editor/Data/MonoBleedingEdge/etc'
Using monoOptions --debugger-agent=transport=dt_socket,embedding=1,server=y,suspend=n,address=127.0.0.1:56752
Begin MonoManager ReloadAssembly
Registering precompiled unity dll's ...
Register platform support module: C:/Program Files/Unity/Hub/Editor/2020.3.3f1/Editor/Data/PlaybackEngines/WindowsStandaloneSupport/UnityEditor.WindowsStandalone.Extensions.dll
Registered in 0.001577 seconds.
Native extension for WindowsStandalone target not found
Refreshing native plugins compatible for Editor in 38.13 ms, found 3 plugins.
Preloading 0 native plugins for Editor in 0.00 ms.
Invoked RoslynAnalysisRunner static constructor.
RoslynAnalysisRunner will not be running.
RoslynAnalysisRunner has terminated.
Mono: successfully reloaded assembly
- Completed reload, in  1.237 seconds
Platform modules already initialized, skipping
Registering precompiled user dll's ...
Registered in 0.103662 seconds.
Begin MonoManager ReloadAssembly
Native extension for WindowsStandalone target not found
Refreshing native plugins compatible for Editor in 38.92 ms, found 3 plugins.
Preloading 0 native plugins for Editor in 0.00 ms.
Invoked RoslynAnalysisRunner static constructor.
RoslynAnalysisRunner will not be running.
RoslynAnalysisRunner has terminated.
Mono: successfully reloaded assembly
- Completed reload, in  1.096 seconds
Platform modules already initialized, skipping
========================================================================
Worker process is ready to serve import requests
Launched and connected shader compiler UnityShaderCompiler.exe after 0.08 seconds
Refreshing native plugins compatible for Editor in 0.41 ms, found 3 plugins.
Preloading 0 native plugins for Editor in 0.00 ms.
Unloading 2185 Unused Serialized files (Serialized files now loaded: 0)
System memory in use before: 95.4 MB.
System memory in use after: 95.5 MB.

Unloading 28 unused Assets to reduce memory usage. Loaded Objects now: 2618.
Total: 2.855800 ms (FindLiveObjects: 0.320600 ms CreateObjectMapping: 0.176900 ms MarkObjects: 2.284900 ms  DeleteObjects: 0.071900 ms)

========================================================================
Received Import Request.
  path: Assets/Prefab/BattleMaster.prefab
  artifactKey: Guid(fc242547518354a45b9ba120ed6135f3) Importer(815301076,1909f56bfc062723c751e8b465ee728b)
Start importing Assets/Prefab/BattleMaster.prefab using Guid(fc242547518354a45b9ba120ed6135f3) Importer(815301076,1909f56bfc062723c751e8b465ee728b)  -> (artifact id: '5a01495718ac4d7fd122017b9d201dc1') in 0.105814 seconds
  Import took 0.109405 seconds .

========================================================================
Received Import Request.
  Time since last request: 7.091533 seconds.
  path: Assets/Prefab/BattleMaster.prefab
  artifactKey: Guid(fc242547518354a45b9ba120ed6135f3) Importer(815301076,1909f56bfc062723c751e8b465ee728b)
Start importing Assets/Prefab/BattleMaster.prefab using Guid(fc242547518354a45b9ba120ed6135f3) Importer(815301076,1909f56bfc062723c751e8b465ee728b)  -> (artifact id: 'dbc89cd5476c9b323f15daf3fad8b676') in 0.005530 seconds
  Import took 0.010440 seconds .

========================================================================
Received Import Request.
  Time since last request: 9.604614 seconds.
  path: Assets/Scripts/BattleMaster.cs
  artifactKey: Guid(5c279201b610f874d9252015eb57a77e) Importer(815301076,1909f56bfc062723c751e8b465ee728b)
Start importing Assets/Scripts/BattleMaster.cs using Guid(5c279201b610f874d9252015eb57a77e) Importer(815301076,1909f56bfc062723c751e8b465ee728b)  -> (artifact id: '771af7bf854b80bea808ad660a8fbe77') in 0.049576 seconds
  Import took 0.053078 seconds .

========================================================================
Received Prepare
Registering precompiled user dll's ...
Registered in 0.004419 seconds.
Begin MonoManager ReloadAssembly
Native extension for WindowsStandalone target not found
Refreshing native plugins compatible for Editor in 0.59 ms, found 3 plugins.
Preloading 0 native plugins for Editor in 0.00 ms.
Invoked RoslynAnalysisRunner static constructor.
RoslynAnalysisRunner will not be running.
RoslynAnalysisRunner has terminated.
Mono: successfully reloaded assembly
- Completed reload, in  1.126 seconds
Platform modules already initialized, skipping
Refreshing native plugins compatible for Editor in 0.53 ms, found 3 plugins.
Preloading 0 native plugins for Editor in 0.00 ms.
Unloading 2174 Unused Serialized files (Serialized files now loaded: 0)
System memory in use before: 94.8 MB.
System memory in use after: 94.9 MB.

Unloading 17 unused Assets to reduce memory usage. Loaded Objects now: 2620.
Total: 3.807200 ms (FindLiveObjects: 0.517800 ms CreateObjectMapping: 0.197700 ms MarkObjects: 3.066700 ms  DeleteObjects: 0.022600 ms)

========================================================================
Received Import Request.
  Time since last request: 59.834633 seconds.
  path: Assets/Scripts/BattleMaster.cs
  artifactKey: Guid(5c279201b610f874d9252015eb57a77e) Importer(815301076,1909f56bfc062723c751e8b465ee728b)
Start importing Assets/Scripts/BattleMaster.cs using Guid(5c279201b610f874d9252015eb57a77e) Importer(815301076,1909f56bfc062723c751e8b465ee728b)  -> (artifact id: '3b25beaea5e56adf6fa4c164a5221db0') in 0.006408 seconds
  Import took 0.011117 seconds .

========================================================================
Received Prepare
Registering precompiled user dll's ...
Registered in 0.004928 seconds.
Begin MonoManager ReloadAssembly
Native extension for WindowsStandalone target not found
Refreshing native plugins compatible for Editor in 0.54 ms, found 3 plugins.
Preloading 0 native plugins for Editor in 0.00 ms.
Invoked RoslynAnalysisRunner static constructor.
RoslynAnalysisRunner will not be running.
RoslynAnalysisRunner has terminated.
Mono: successfully reloaded assembly
- Completed reload, in  0.943 seconds
Platform modules already initialized, skipping
Refreshing native plugins compatible for Editor in 0.45 ms, found 3 plugins.
Preloading 0 native plugins for Editor in 0.00 ms.
Unloading 2187 Unused Serialized files (Serialized files now loaded: 0)
System memory in use before: 97.0 MB.
System memory in use after: 96.5 MB.

Unloading 30 unused Assets to reduce memory usage. Loaded Objects now: 2622.
Total: 3.876200 ms (FindLiveObjects: 0.742200 ms CreateObjectMapping: 0.433500 ms MarkObjects: 2.423500 ms  DeleteObjects: 0.275000 ms)

========================================================================
Received Prepare
Registering precompiled user dll's ...
Registered in 0.004118 seconds.
Begin MonoManager ReloadAssembly
Native extension for WindowsStandalone target not found
Refreshing native plugins compatible for Editor in 0.47 ms, found 3 plugins.
Preloading 0 native plugins for Editor in 0.00 ms.
Invoked RoslynAnalysisRunner static constructor.
RoslynAnalysisRunner will not be running.
RoslynAnalysisRunner has terminated.
Mono: successfully reloaded assembly
- Completed reload, in  0.949 seconds
Platform modules already initialized, skipping
Refreshing native plugins compatible for Editor in 0.56 ms, found 3 plugins.
Preloading 0 native plugins for Editor in 0.00 ms.
Unloading 2187 Unused Serialized files (Serialized files now loaded: 0)
System memory in use before: 97.0 MB.
System memory in use after: 96.5 MB.

Unloading 30 unused Assets to reduce memory usage. Loaded Objects now: 2624.
Total: 2.262000 ms (FindLiveObjects: 0.166800 ms CreateObjectMapping: 0.074800 ms MarkObjects: 1.688300 ms  DeleteObjects: 0.331500 ms)

========================================================================
Received Prepare
Registering precompiled user dll's ...
Registered in 0.004184 seconds.
Begin MonoManager ReloadAssembly
Native extension for WindowsStandalone target not found
Refreshing native plugins compatible for Editor in 0.58 ms, found 3 plugins.
Preloading 0 native plugins for Editor in 0.00 ms.
Invoked RoslynAnalysisRunner static constructor.
RoslynAnalysisRunner will not be running.
RoslynAnalysisRunner has terminated.
Mono: successfully reloaded assembly
- Completed reload, in  0.916 seconds
Platform modules already initialized, skipping
Refreshing native plugins compatible for Editor in 0.43 ms, found 3 plugins.
Preloading 0 native plugins for Editor in 0.00 ms.
Unloading 2187 Unused Serialized files (Serialized files now loaded: 0)
System memory in use before: 97.0 MB.
System memory in use after: 96.5 MB.

Unloading 30 unused Assets to reduce memory usage. Loaded Objects now: 2626.
Total: 2.498900 ms (FindLiveObjects: 0.218600 ms CreateObjectMapping: 0.092400 ms MarkObjects: 1.889700 ms  DeleteObjects: 0.296700 ms)

========================================================================
Received Prepare
Registering precompiled user dll's ...
Registered in 0.004233 seconds.
Begin MonoManager ReloadAssembly
Native extension for WindowsStandalone target not found
Refreshing native plugins compatible for Editor in 0.47 ms, found 3 plugins.
Preloading 0 native plugins for Editor in 0.00 ms.
Invoked RoslynAnalysisRunner static constructor.
RoslynAnalysisRunner will not be running.
RoslynAnalysisRunner has terminated.
Mono: successfully reloaded assembly
- Completed reload, in  0.942 seconds
Platform modules already initialized, skipping
Refreshing native plugins compatible for Editor in 0.50 ms, found 3 plugins.
Preloading 0 native plugins for Editor in 0.00 ms.
Unloading 2187 Unused Serialized files (Serialized files now loaded: 0)
System memory in use before: 97.1 MB.
System memory in use after: 96.5 MB.

Unloading 30 unused Assets to reduce memory usage. Loaded Objects now: 2628.
Total: 8.431700 ms (FindLiveObjects: 0.567300 ms CreateObjectMapping: 0.339900 ms MarkObjects: 6.468000 ms  DeleteObjects: 1.053200 ms)

========================================================================
Received Import Request.
  Time since last request: 627.622924 seconds.
  path: Assets/Scripts/BattleMaster.cs
  artifactKey: Guid(5c279201b610f874d9252015eb57a77e) Importer(815301076,1909f56bfc062723c751e8b465ee728b)
Start importing Assets/Scripts/BattleMaster.cs using Guid(5c279201b610f874d9252015eb57a77e) Importer(815301076,1909f56bfc062723c751e8b465ee728b)  -> (artifact id: '2b4423668bd5d623b22116afb8109599') in 0.011289 seconds
  Import took 0.017270 seconds .

========================================================================
Received Import Request.
  Time since last request: 0.002944 seconds.
  path: Assets/Scripts/BattleMaster.cs
  artifactKey: Guid(5c279201b610f874d9252015eb57a77e) Importer(815301076,1909f56bfc062723c751e8b465ee728b)
Start importing Assets/Scripts/BattleMaster.cs using Guid(5c279201b610f874d9252015eb57a77e) Importer(815301076,1909f56bfc062723c751e8b465ee728b)  -> (artifact id: '2b4423668bd5d623b22116afb8109599') in 0.005354 seconds
  Import took 0.010119 seconds .

========================================================================
Received Prepare
Registering precompiled user dll's ...
Registered in 0.004226 seconds.
Begin MonoManager ReloadAssembly
Native extension for WindowsStandalone target not found
Refreshing native plugins compatible for Editor in 0.47 ms, found 3 plugins.
Preloading 0 native plugins for Editor in 0.00 ms.
Invoked RoslynAnalysisRunner static constructor.
RoslynAnalysisRunner will not be running.
RoslynAnalysisRunner has terminated.
Mono: successfully reloaded assembly
- Completed reload, in  1.303 seconds
Platform modules already initialized, skipping
Refreshing native plugins compatible for Editor in 0.46 ms, found 3 plugins.
Preloading 0 native plugins for Editor in 0.00 ms.
Unloading 2187 Unused Serialized files (Serialized files now loaded: 0)
System memory in use before: 97.1 MB.
System memory in use after: 96.5 MB.

Unloading 30 unused Assets to reduce memory usage. Loaded Objects now: 2630.
Total: 3.002200 ms (FindLiveObjects: 0.348000 ms CreateObjectMapping: 0.174800 ms MarkObjects: 2.145900 ms  DeleteObjects: 0.332100 ms)

========================================================================
Received Import Request.
  Time since last request: 175.820773 seconds.
  path: Assets/Scripts/BattleMaster.cs
  artifactKey: Guid(5c279201b610f874d9252015eb57a77e) Importer(815301076,1909f56bfc062723c751e8b465ee728b)
Start importing Assets/Scripts/BattleMaster.cs using Guid(5c279201b610f874d9252015eb57a77e) Importer(815301076,1909f56bfc062723c751e8b465ee728b)  -> (artifact id: '1f27b3a37b9e98501fa311f80c56dfd8') in 0.025228 seconds
  Import took 0.042938 seconds .

========================================================================
Received Prepare
Registering precompiled user dll's ...
Registered in 0.004904 seconds.
Begin MonoManager ReloadAssembly
Native extension for WindowsStandalone target not found
Refreshing native plugins compatible for Editor in 0.47 ms, found 3 plugins.
Preloading 0 native plugins for Editor in 0.00 ms.
Invoked RoslynAnalysisRunner static constructor.
RoslynAnalysisRunner will not be running.
RoslynAnalysisRunner has terminated.
Mono: successfully reloaded assembly
- Completed reload, in  1.079 seconds
Platform modules already initialized, skipping
Refreshing native plugins compatible for Editor in 0.49 ms, found 3 plugins.
Preloading 0 native plugins for Editor in 0.00 ms.
Unloading 2187 Unused Serialized files (Serialized files now loaded: 0)
System memory in use before: 97.1 MB.
System memory in use after: 96.5 MB.

Unloading 30 unused Assets to reduce memory usage. Loaded Objects now: 2632.
Total: 2.541400 ms (FindLiveObjects: 0.246600 ms CreateObjectMapping: 0.109700 ms MarkObjects: 1.873100 ms  DeleteObjects: 0.311000 ms)

========================================================================
Received Prepare
Registering precompiled user dll's ...
Registered in 0.004469 seconds.
Begin MonoManager ReloadAssembly
Native extension for WindowsStandalone target not found
Refreshing native plugins compatible for Editor in 0.56 ms, found 3 plugins.
Preloading 0 native plugins for Editor in 0.00 ms.
Invoked RoslynAnalysisRunner static constructor.
RoslynAnalysisRunner will not be running.
RoslynAnalysisRunner has terminated.
Mono: successfully reloaded assembly
- Completed reload, in  1.254 seconds
Platform modules already initialized, skipping
Refreshing native plugins compatible for Editor in 0.48 ms, found 3 plugins.
Preloading 0 native plugins for Editor in 0.00 ms.
Unloading 2187 Unused Serialized files (Serialized files now loaded: 0)
System memory in use before: 97.1 MB.
System memory in use after: 96.5 MB.

Unloading 30 unused Assets to reduce memory usage. Loaded Objects now: 2634.
Total: 3.591900 ms (FindLiveObjects: 0.331700 ms CreateObjectMapping: 0.183400 ms MarkObjects: 2.621900 ms  DeleteObjects: 0.452700 ms)

========================================================================
Received Prepare
Registering precompiled user dll's ...
Registered in 0.004968 seconds.
Begin MonoManager ReloadAssembly
Native extension for WindowsStandalone target not found
Refreshing native plugins compatible for Editor in 1.09 ms, found 3 plugins.
Preloading 0 native plugins for Editor in 0.00 ms.
Invoked RoslynAnalysisRunner static constructor.
RoslynAnalysisRunner will not be running.
RoslynAnalysisRunner has terminated.
Mono: successfully reloaded assembly
- Completed reload, in  1.182 seconds
Platform modules already initialized, skipping
Refreshing native plugins compatible for Editor in 0.51 ms, found 3 plugins.
Preloading 0 native plugins for Editor in 0.00 ms.
Unloading 2187 Unused Serialized files (Serialized files now loaded: 0)
System memory in use before: 97.1 MB.
System memory in use after: 96.5 MB.

Unloading 30 unused Assets to reduce memory usage. Loaded Objects now: 2636.
Total: 4.418800 ms (FindLiveObjects: 0.280500 ms CreateObjectMapping: 0.180400 ms MarkObjects: 3.545400 ms  DeleteObjects: 0.410400 ms)

========================================================================
Received Prepare
Registering precompiled user dll's ...
Registered in 0.004116 seconds.
Begin MonoManager ReloadAssembly
Native extension for WindowsStandalone target not found
Refreshing native plugins compatible for Editor in 0.67 ms, found 3 plugins.
Preloading 0 native plugins for Editor in 0.00 ms.
Invoked RoslynAnalysisRunner static constructor.
RoslynAnalysisRunner will not be running.
RoslynAnalysisRunner has terminated.
Mono: successfully reloaded assembly
- Completed reload, in  1.116 seconds
Platform modules already initialized, skipping
Refreshing native plugins compatible for Editor in 0.48 ms, found 3 plugins.
Preloading 0 native plugins for Editor in 0.00 ms.
Unloading 2187 Unused Serialized files (Serialized files now loaded: 0)
System memory in use before: 97.1 MB.
System memory in use after: 96.5 MB.

Unloading 30 unused Assets to reduce memory usage. Loaded Objects now: 2638.
Total: 8.865800 ms (FindLiveObjects: 0.817800 ms CreateObjectMapping: 0.402100 ms MarkObjects: 6.557400 ms  DeleteObjects: 1.083600 ms)

========================================================================
Received Prepare
Registering precompiled user dll's ...
Registered in 0.004216 seconds.
Begin MonoManager ReloadAssembly
Native extension for WindowsStandalone target not found
Refreshing native plugins compatible for Editor in 0.50 ms, found 3 plugins.
Preloading 0 native plugins for Editor in 0.00 ms.
Invoked RoslynAnalysisRunner static constructor.
RoslynAnalysisRunner will not be running.
RoslynAnalysisRunner has terminated.
Mono: successfully reloaded assembly
- Completed reload, in  0.925 seconds
Platform modules already initialized, skipping
Refreshing native plugins compatible for Editor in 0.42 ms, found 3 plugins.
Preloading 0 native plugins for Editor in 0.00 ms.
Unloading 2187 Unused Serialized files (Serialized files now loaded: 0)
System memory in use before: 97.1 MB.
System memory in use after: 96.5 MB.

Unloading 30 unused Assets to reduce memory usage. Loaded Objects now: 2640.
Total: 2.250800 ms (FindLiveObjects: 0.182400 ms CreateObjectMapping: 0.080200 ms MarkObjects: 1.687400 ms  DeleteObjects: 0.299800 ms)

========================================================================
Received Prepare
Registering precompiled user dll's ...
Registered in 0.004716 seconds.
Begin MonoManager ReloadAssembly
Native extension for WindowsStandalone target not found
Refreshing native plugins compatible for Editor in 0.48 ms, found 3 plugins.
Preloading 0 native plugins for Editor in 0.00 ms.
Invoked RoslynAnalysisRunner static constructor.
RoslynAnalysisRunner will not be running.
RoslynAnalysisRunner has terminated.
Mono: successfully reloaded assembly
- Completed reload, in  1.048 seconds
Platform modules already initialized, skipping
Refreshing native plugins compatible for Editor in 0.51 ms, found 3 plugins.
Preloading 0 native plugins for Editor in 0.00 ms.
Unloading 2187 Unused Serialized files (Serialized files now loaded: 0)
System memory in use before: 97.1 MB.
System memory in use after: 96.5 MB.

Unloading 30 unused Assets to reduce memory usage. Loaded Objects now: 2642.
Total: 3.061000 ms (FindLiveObjects: 0.411000 ms CreateObjectMapping: 0.136000 ms MarkObjects: 2.159200 ms  DeleteObjects: 0.299600 ms)

========================================================================
Received Prepare
Registering precompiled user dll's ...
Registered in 0.006154 seconds.
Begin MonoManager ReloadAssembly
Native extension for WindowsStandalone target not found
Refreshing native plugins compatible for Editor in 0.54 ms, found 3 plugins.
Preloading 0 native plugins for Editor in 0.00 ms.
Invoked RoslynAnalysisRunner static constructor.
RoslynAnalysisRunner will not be running.
RoslynAnalysisRunner has terminated.
Mono: successfully reloaded assembly
- Completed reload, in  1.129 seconds
Platform modules already initialized, skipping
Refreshing native plugins compatible for Editor in 0.55 ms, found 3 plugins.
Preloading 0 native plugins for Editor in 0.00 ms.
Unloading 2187 Unused Serialized files (Serialized files now loaded: 0)
System memory in use before: 97.1 MB.
System memory in use after: 96.6 MB.

Unloading 30 unused Assets to reduce memory usage. Loaded Objects now: 2644.
Total: 2.788300 ms (FindLiveObjects: 0.254200 ms CreateObjectMapping: 0.120100 ms MarkObjects: 2.076100 ms  DeleteObjects: 0.335800 ms)

========================================================================
Received Prepare
Registering precompiled user dll's ...
Registered in 0.003999 seconds.
Begin MonoManager ReloadAssembly
Native extension for WindowsStandalone target not found
Refreshing native plugins compatible for Editor in 0.49 ms, found 3 plugins.
Preloading 0 native plugins for Editor in 0.00 ms.
Invoked RoslynAnalysisRunner static constructor.
RoslynAnalysisRunner will not be running.
RoslynAnalysisRunner has terminated.
Mono: successfully reloaded assembly
- Completed reload, in  0.970 seconds
Platform modules already initialized, skipping
Refreshing native plugins compatible for Editor in 0.47 ms, found 3 plugins.
Preloading 0 native plugins for Editor in 0.00 ms.
Unloading 2187 Unused Serialized files (Serialized files now loaded: 0)
System memory in use before: 97.1 MB.
System memory in use after: 96.6 MB.

Unloading 30 unused Assets to reduce memory usage. Loaded Objects now: 2646.
Total: 3.407400 ms (FindLiveObjects: 0.385400 ms CreateObjectMapping: 0.259300 ms MarkObjects: 2.434800 ms  DeleteObjects: 0.326200 ms)

========================================================================
Received Prepare
Registering precompiled user dll's ...
Registered in 0.005368 seconds.
Begin MonoManager ReloadAssembly
Native extension for WindowsStandalone target not found
Refreshing native plugins compatible for Editor in 0.62 ms, found 3 plugins.
Preloading 0 native plugins for Editor in 0.00 ms.
Invoked RoslynAnalysisRunner static constructor.
RoslynAnalysisRunner will not be running.
RoslynAnalysisRunner has terminated.
Mono: successfully reloaded assembly
- Completed reload, in  1.164 seconds
Platform modules already initialized, skipping
Refreshing native plugins compatible for Editor in 0.51 ms, found 3 plugins.
Preloading 0 native plugins for Editor in 0.00 ms.
Unloading 2187 Unused Serialized files (Serialized files now loaded: 0)
System memory in use before: 97.1 MB.
System memory in use after: 96.6 MB.

Unloading 30 unused Assets to reduce memory usage. Loaded Objects now: 2648.
Total: 2.445600 ms (FindLiveObjects: 0.227600 ms CreateObjectMapping: 0.094000 ms MarkObjects: 1.814200 ms  DeleteObjects: 0.308900 ms)

========================================================================
Received Prepare
Registering precompiled user dll's ...
Registered in 0.004535 seconds.
Begin MonoManager ReloadAssembly
Native extension for WindowsStandalone target not found
Refreshing native plugins compatible for Editor in 0.54 ms, found 3 plugins.
Preloading 0 native plugins for Editor in 0.00 ms.
Invoked RoslynAnalysisRunner static constructor.
RoslynAnalysisRunner will not be running.
RoslynAnalysisRunner has terminated.
Mono: successfully reloaded assembly
- Completed reload, in  1.084 seconds
Platform modules already initialized, skipping
Refreshing native plugins compatible for Editor in 0.50 ms, found 3 plugins.
Preloading 0 native plugins for Editor in 0.00 ms.
Unloading 2187 Unused Serialized files (Serialized files now loaded: 0)
System memory in use before: 97.1 MB.
System memory in use after: 96.6 MB.

Unloading 30 unused Assets to reduce memory usage. Loaded Objects now: 2650.
Total: 7.355200 ms (FindLiveObjects: 1.189300 ms CreateObjectMapping: 0.502000 ms MarkObjects: 5.027600 ms  DeleteObjects: 0.632100 ms)

========================================================================
Received Prepare
Registering precompiled user dll's ...
Registered in 0.004309 seconds.
Begin MonoManager ReloadAssembly
Native extension for WindowsStandalone target not found
Refreshing native plugins compatible for Editor in 0.48 ms, found 3 plugins.
Preloading 0 native plugins for Editor in 0.00 ms.
Invoked RoslynAnalysisRunner static constructor.
RoslynAnalysisRunner will not be running.
RoslynAnalysisRunner has terminated.
Mono: successfully reloaded assembly
- Completed reload, in  0.899 seconds
Platform modules already initialized, skipping
Refreshing native plugins compatible for Editor in 0.42 ms, found 3 plugins.
Preloading 0 native plugins for Editor in 0.00 ms.
Unloading 2187 Unused Serialized files (Serialized files now loaded: 0)
System memory in use before: 97.1 MB.
System memory in use after: 96.6 MB.

Unloading 30 unused Assets to reduce memory usage. Loaded Objects now: 2652.
Total: 2.877300 ms (FindLiveObjects: 0.418500 ms CreateObjectMapping: 0.189900 ms MarkObjects: 1.974400 ms  DeleteObjects: 0.292500 ms)

========================================================================
Received Import Request.
  Time since last request: 1604.820168 seconds.
  path: Assets/Scripts/BattleMaster.cs
  artifactKey: Guid(5c279201b610f874d9252015eb57a77e) Importer(815301076,1909f56bfc062723c751e8b465ee728b)
Start importing Assets/Scripts/BattleMaster.cs using Guid(5c279201b610f874d9252015eb57a77e) Importer(815301076,1909f56bfc062723c751e8b465ee728b)  -> (artifact id: 'b9730d661983b9118e6c0efc1c37c3af') in 0.024594 seconds
  Import took 0.032344 seconds .

========================================================================
Received Prepare
Registering precompiled user dll's ...
Registered in 0.008745 seconds.
Begin MonoManager ReloadAssembly
Native extension for WindowsStandalone target not found
Refreshing native plugins compatible for Editor in 0.76 ms, found 3 plugins.
Preloading 0 native plugins for Editor in 0.00 ms.
Invoked RoslynAnalysisRunner static constructor.
RoslynAnalysisRunner will not be running.
RoslynAnalysisRunner has terminated.
Mono: successfully reloaded assembly
- Completed reload, in  1.783 seconds
Platform modules already initialized, skipping
Refreshing native plugins compatible for Editor in 0.59 ms, found 3 plugins.
Preloading 0 native plugins for Editor in 0.00 ms.
Unloading 2187 Unused Serialized files (Serialized files now loaded: 0)
System memory in use before: 97.2 MB.
System memory in use after: 96.6 MB.

Unloading 30 unused Assets to reduce memory usage. Loaded Objects now: 2654.
Total: 4.246400 ms (FindLiveObjects: 0.439000 ms CreateObjectMapping: 0.130300 ms MarkObjects: 3.187300 ms  DeleteObjects: 0.487300 ms)

========================================================================
Received Import Request.
  Time since last request: 48.787729 seconds.
  path: Assets/Scripts/BattleMaster.cs
  artifactKey: Guid(5c279201b610f874d9252015eb57a77e) Importer(815301076,1909f56bfc062723c751e8b465ee728b)
Start importing Assets/Scripts/BattleMaster.cs using Guid(5c279201b610f874d9252015eb57a77e) Importer(815301076,1909f56bfc062723c751e8b465ee728b)  -> (artifact id: '6cb7564644222dc03b2792a5630d18a2') in 0.007767 seconds
  Import took 0.014275 seconds .

========================================================================
Received Prepare
Registering precompiled user dll's ...
Registered in 0.008203 seconds.
Begin MonoManager ReloadAssembly
Native extension for WindowsStandalone target not found
Refreshing native plugins compatible for Editor in 0.73 ms, found 3 plugins.
Preloading 0 native plugins for Editor in 0.00 ms.
Invoked RoslynAnalysisRunner static constructor.
RoslynAnalysisRunner will not be running.
RoslynAnalysisRunner has terminated.
Mono: successfully reloaded assembly
- Completed reload, in  2.172 seconds
Platform modules already initialized, skipping
Refreshing native plugins compatible for Editor in 0.65 ms, found 3 plugins.
Preloading 0 native plugins for Editor in 0.00 ms.
Unloading 2187 Unused Serialized files (Serialized files now loaded: 0)
System memory in use before: 97.2 MB.
System memory in use after: 96.6 MB.

Unloading 30 unused Assets to reduce memory usage. Loaded Objects now: 2656.
Total: 4.577200 ms (FindLiveObjects: 0.754700 ms CreateObjectMapping: 0.267300 ms MarkObjects: 3.086800 ms  DeleteObjects: 0.466100 ms)

========================================================================
Received Prepare
Registering precompiled user dll's ...
Registered in 0.008085 seconds.
Begin MonoManager ReloadAssembly
Native extension for WindowsStandalone target not found
Refreshing native plugins compatible for Editor in 0.60 ms, found 3 plugins.
Preloading 0 native plugins for Editor in 0.00 ms.
Invoked RoslynAnalysisRunner static constructor.
RoslynAnalysisRunner will not be running.
RoslynAnalysisRunner has terminated.
Mono: successfully reloaded assembly
- Completed reload, in  1.830 seconds
Platform modules already initialized, skipping
Refreshing native plugins compatible for Editor in 0.87 ms, found 3 plugins.
Preloading 0 native plugins for Editor in 0.00 ms.
Unloading 2187 Unused Serialized files (Serialized files now loaded: 0)
System memory in use before: 97.2 MB.
System memory in use after: 96.6 MB.

Unloading 30 unused Assets to reduce memory usage. Loaded Objects now: 2658.
Total: 6.135000 ms (FindLiveObjects: 0.769800 ms CreateObjectMapping: 0.380900 ms MarkObjects: 4.306500 ms  DeleteObjects: 0.673400 ms)

========================================================================
Received Import Request.
  Time since last request: 83.793640 seconds.
  path: Assets/Scripts/BattleMaster.cs
  artifactKey: Guid(5c279201b610f874d9252015eb57a77e) Importer(815301076,1909f56bfc062723c751e8b465ee728b)
Start importing Assets/Scripts/BattleMaster.cs using Guid(5c279201b610f874d9252015eb57a77e) Importer(815301076,1909f56bfc062723c751e8b465ee728b)  -> (artifact id: 'c0d471e9c4b847ea03d611fd794097d4') in 0.008083 seconds
  Import took 0.013389 seconds .

========================================================================
Received Import Request.
  Time since last request: 0.064804 seconds.
  path: Assets/Scripts/BattleMaster.cs
  artifactKey: Guid(5c279201b610f874d9252015eb57a77e) Importer(815301076,1909f56bfc062723c751e8b465ee728b)
Start importing Assets/Scripts/BattleMaster.cs using Guid(5c279201b610f874d9252015eb57a77e) Importer(815301076,1909f56bfc062723c751e8b465ee728b)  -> (artifact id: 'c0d471e9c4b847ea03d611fd794097d4') in 0.007574 seconds
  Import took 0.013521 seconds .

========================================================================
Received Prepare
Registering precompiled user dll's ...
Registered in 0.020694 seconds.
Begin MonoManager ReloadAssembly
Native extension for WindowsStandalone target not found
Refreshing native plugins compatible for Editor in 1.88 ms, found 3 plugins.
Preloading 0 native plugins for Editor in 0.00 ms.
Invoked RoslynAnalysisRunner static constructor.
RoslynAnalysisRunner will not be running.
RoslynAnalysisRunner has terminated.
Mono: successfully reloaded assembly
- Completed reload, in  4.069 seconds
Platform modules already initialized, skipping
Refreshing native plugins compatible for Editor in 0.68 ms, found 3 plugins.
Preloading 0 native plugins for Editor in 0.00 ms.
Unloading 2187 Unused Serialized files (Serialized files now loaded: 0)
System memory in use before: 97.2 MB.
System memory in use after: 96.6 MB.

Unloading 30 unused Assets to reduce memory usage. Loaded Objects now: 2660.
Total: 4.650400 ms (FindLiveObjects: 0.402400 ms CreateObjectMapping: 0.180600 ms MarkObjects: 3.617700 ms  DeleteObjects: 0.446200 ms)

========================================================================
Received Import Request.
  Time since last request: 41.308177 seconds.
  path: Assets/Scripts/BattleMaster.cs
  artifactKey: Guid(5c279201b610f874d9252015eb57a77e) Importer(815301076,1909f56bfc062723c751e8b465ee728b)
Start importing Assets/Scripts/BattleMaster.cs using Guid(5c279201b610f874d9252015eb57a77e) Importer(815301076,1909f56bfc062723c751e8b465ee728b)  -> (artifact id: 'dd95d8238380bd327d456bf008d1796e') in 0.008563 seconds
  Import took 0.016269 seconds .

========================================================================
Received Import Request.
  Time since last request: 1.491837 seconds.
  path: Assets/Prefab/BattleMaster.prefab
  artifactKey: Guid(fc242547518354a45b9ba120ed6135f3) Importer(815301076,1909f56bfc062723c751e8b465ee728b)
Start importing Assets/Prefab/BattleMaster.prefab using Guid(fc242547518354a45b9ba120ed6135f3) Importer(815301076,1909f56bfc062723c751e8b465ee728b) UnityException: FindGameObjectsWithTag is not allowed to be called from a MonoBehaviour constructor (or instance field initializer), call it in Awake or Start instead. Called from MonoBehaviour 'BattleMaster'.
See "Script Serialization" page in the Unity Manual for further details.
  at (wrapper managed-to-native) UnityEngine.GameObject.FindGameObjectsWithTag(string)
  at BattleMaster..ctor () [0x00000] in C:\Users\marka\Documents\GameDevelopment\GitHub\Working Title\Assets\Scripts\BattleMaster.cs:12 

(Filename: Assets/Scripts/BattleMaster.cs Line: 12)

 -> (artifact id: '01f83da698846b2d4760f13b214ae6ab') in 0.111118 seconds
  Import took 0.141372 seconds .

========================================================================
Received Import Request.
  Time since last request: 8.603072 seconds.
  path: ProjectSettings/TagManager.asset
  artifactKey: Guid(00000000000000003000000000000000) Importer(815301076,1909f56bfc062723c751e8b465ee728b)
Start importing ProjectSettings/TagManager.asset using Guid(00000000000000003000000000000000) Importer(815301076,1909f56bfc062723c751e8b465ee728b)  -> (artifact id: '18c02b464358981a95e89b21bdb5b5d8') in 0.022585 seconds
  Import took 0.028785 seconds .

========================================================================
Received Import Request.
  Time since last request: 25.557184 seconds.
  path: Assets/Prefab/Character.prefab
  artifactKey: Guid(ad33a31da65d383488651642118a93a9) Importer(815301076,1909f56bfc062723c751e8b465ee728b)
Start importing Assets/Prefab/Character.prefab using Guid(ad33a31da65d383488651642118a93a9) Importer(815301076,1909f56bfc062723c751e8b465ee728b)  -> (artifact id: '600a7b4af1a57206ec62eca5cd787a02') in 0.350291 seconds
  Import took 0.365607 seconds .

========================================================================
Received Prepare
Registering precompiled user dll's ...
Registered in 0.007459 seconds.
Begin MonoManager ReloadAssembly
Native extension for WindowsStandalone target not found
Refreshing native plugins compatible for Editor in 0.68 ms, found 3 plugins.
Preloading 0 native plugins for Editor in 0.00 ms.
Invoked RoslynAnalysisRunner static constructor.
RoslynAnalysisRunner will not be running.
RoslynAnalysisRunner has terminated.
Mono: successfully reloaded assembly
- Completed reload, in  1.790 seconds
Platform modules already initialized, skipping
Refreshing native plugins compatible for Editor in 1.66 ms, found 3 plugins.
Preloading 0 native plugins for Editor in 0.00 ms.
Unloading 2187 Unused Serialized files (Serialized files now loaded: 0)
System memory in use before: 100.3 MB.
System memory in use after: 99.7 MB.

Unloading 31 unused Assets to reduce memory usage. Loaded Objects now: 2669.
Total: 9.629800 ms (FindLiveObjects: 0.846900 ms CreateObjectMapping: 0.584500 ms MarkObjects: 6.951100 ms  DeleteObjects: 1.241400 ms)

========================================================================
Received Prepare
Registering precompiled user dll's ...
Registered in 0.007284 seconds.
Begin MonoManager ReloadAssembly
Native extension for WindowsStandalone target not found
Refreshing native plugins compatible for Editor in 0.59 ms, found 3 plugins.
Preloading 0 native plugins for Editor in 0.00 ms.
Invoked RoslynAnalysisRunner static constructor.
RoslynAnalysisRunner will not be running.
RoslynAnalysisRunner has terminated.
Mono: successfully reloaded assembly
- Completed reload, in  1.815 seconds
Platform modules already initialized, skipping
Refreshing native plugins compatible for Editor in 0.92 ms, found 3 plugins.
Preloading 0 native plugins for Editor in 0.00 ms.
Unloading 2187 Unused Serialized files (Serialized files now loaded: 0)
System memory in use before: 100.3 MB.
System memory in use after: 99.7 MB.

Unloading 30 unused Assets to reduce memory usage. Loaded Objects now: 2671.
Total: 4.001100 ms (FindLiveObjects: 0.266300 ms CreateObjectMapping: 0.177500 ms MarkObjects: 3.095400 ms  DeleteObjects: 0.460400 ms)

========================================================================
Received Prepare
Registering precompiled user dll's ...
Registered in 0.008665 seconds.
Begin MonoManager ReloadAssembly
Native extension for WindowsStandalone target not found
Refreshing native plugins compatible for Editor in 1.18 ms, found 3 plugins.
Preloading 0 native plugins for Editor in 0.00 ms.
Invoked RoslynAnalysisRunner static constructor.
RoslynAnalysisRunner will not be running.
RoslynAnalysisRunner has terminated.
Mono: successfully reloaded assembly
- Completed reload, in  1.766 seconds
Platform modules already initialized, skipping
Refreshing native plugins compatible for Editor in 0.78 ms, found 3 plugins.
Preloading 0 native plugins for Editor in 0.00 ms.
Unloading 2187 Unused Serialized files (Serialized files now loaded: 0)
System memory in use before: 100.3 MB.
System memory in use after: 99.8 MB.

Unloading 30 unused Assets to reduce memory usage. Loaded Objects now: 2673.
Total: 4.185400 ms (FindLiveObjects: 0.639700 ms CreateObjectMapping: 0.209200 ms MarkObjects: 2.884000 ms  DeleteObjects: 0.450700 ms)

========================================================================
Received Prepare
Registering precompiled user dll's ...
Registered in 0.006917 seconds.
Begin MonoManager ReloadAssembly
Native extension for WindowsStandalone target not found
Refreshing native plugins compatible for Editor in 0.90 ms, found 3 plugins.
Preloading 0 native plugins for Editor in 0.00 ms.
Invoked RoslynAnalysisRunner static constructor.
RoslynAnalysisRunner will not be running.
RoslynAnalysisRunner has terminated.
Mono: successfully reloaded assembly
- Completed reload, in  1.767 seconds
Platform modules already initialized, skipping
Refreshing native plugins compatible for Editor in 0.59 ms, found 3 plugins.
Preloading 0 native plugins for Editor in 0.00 ms.
Unloading 2187 Unused Serialized files (Serialized files now loaded: 0)
System memory in use before: 100.3 MB.
System memory in use after: 99.8 MB.

Unloading 30 unused Assets to reduce memory usage. Loaded Objects now: 2675.
Total: 4.074900 ms (FindLiveObjects: 0.478800 ms CreateObjectMapping: 0.252200 ms MarkObjects: 2.830400 ms  DeleteObjects: 0.510300 ms)

========================================================================
Received Prepare
Registering precompiled user dll's ...
Registered in 0.006784 seconds.
Begin MonoManager ReloadAssembly
Native extension for WindowsStandalone target not found
Refreshing native plugins compatible for Editor in 92.13 ms, found 3 plugins.
Preloading 0 native plugins for Editor in 0.00 ms.
Invoked RoslynAnalysisRunner static constructor.
RoslynAnalysisRunner will not be running.
RoslynAnalysisRunner has terminated.
Mono: successfully reloaded assembly
- Completed reload, in  2.286 seconds
Platform modules already initialized, skipping
Refreshing native plugins compatible for Editor in 0.71 ms, found 3 plugins.
Preloading 0 native plugins for Editor in 0.00 ms.
Unloading 2126 Unused Serialized files (Serialized files now loaded: 0)
System memory in use before: 99.1 MB.
System memory in use after: 98.6 MB.

Unloading 30 unused Assets to reduce memory usage. Loaded Objects now: 2677.
Total: 4.539900 ms (FindLiveObjects: 0.403800 ms CreateObjectMapping: 0.193400 ms MarkObjects: 3.433100 ms  DeleteObjects: 0.507600 ms)

========================================================================
Received Prepare
Registering precompiled user dll's ...
Registered in 0.007289 seconds.
Begin MonoManager ReloadAssembly
Native extension for WindowsStandalone target not found
Refreshing native plugins compatible for Editor in 0.66 ms, found 3 plugins.
Preloading 0 native plugins for Editor in 0.00 ms.
Invoked RoslynAnalysisRunner static constructor.
RoslynAnalysisRunner will not be running.
RoslynAnalysisRunner has terminated.
Mono: successfully reloaded assembly
- Completed reload, in  1.535 seconds
Platform modules already initialized, skipping
Refreshing native plugins compatible for Editor in 0.64 ms, found 3 plugins.
Preloading 0 native plugins for Editor in 0.00 ms.
Unloading 2126 Unused Serialized files (Serialized files now loaded: 0)
System memory in use before: 99.1 MB.
System memory in use after: 98.6 MB.

Unloading 30 unused Assets to reduce memory usage. Loaded Objects now: 2679.
Total: 4.471100 ms (FindLiveObjects: 0.449400 ms CreateObjectMapping: 0.188600 ms MarkObjects: 3.371300 ms  DeleteObjects: 0.460200 ms)

========================================================================
Received Prepare
Registering precompiled user dll's ...
Registered in 0.012662 seconds.
Begin MonoManager ReloadAssembly
Native extension for WindowsStandalone target not found
Refreshing native plugins compatible for Editor in 0.61 ms, found 3 plugins.
Preloading 0 native plugins for Editor in 0.00 ms.
Invoked RoslynAnalysisRunner static constructor.
RoslynAnalysisRunner will not be running.
RoslynAnalysisRunner has terminated.
Mono: successfully reloaded assembly
- Completed reload, in  1.525 seconds
Platform modules already initialized, skipping
Refreshing native plugins compatible for Editor in 0.62 ms, found 3 plugins.
Preloading 0 native plugins for Editor in 0.00 ms.
Unloading 2126 Unused Serialized files (Serialized files now loaded: 0)
System memory in use before: 99.1 MB.
System memory in use after: 98.6 MB.

Unloading 30 unused Assets to reduce memory usage. Loaded Objects now: 2681.
Total: 4.264200 ms (FindLiveObjects: 0.458600 ms CreateObjectMapping: 0.155400 ms MarkObjects: 3.175300 ms  DeleteObjects: 0.473400 ms)

========================================================================
Received Prepare
Registering precompiled user dll's ...
Registered in 0.007261 seconds.
Begin MonoManager ReloadAssembly
Native extension for WindowsStandalone target not found
Refreshing native plugins compatible for Editor in 0.64 ms, found 3 plugins.
Preloading 0 native plugins for Editor in 0.00 ms.
Invoked RoslynAnalysisRunner static constructor.
RoslynAnalysisRunner will not be running.
RoslynAnalysisRunner has terminated.
Mono: successfully reloaded assembly
- Completed reload, in  1.536 seconds
Platform modules already initialized, skipping
Refreshing native plugins compatible for Editor in 0.61 ms, found 3 plugins.
Preloading 0 native plugins for Editor in 0.00 ms.
Unloading 2126 Unused Serialized files (Serialized files now loaded: 0)
System memory in use before: 99.1 MB.
System memory in use after: 98.6 MB.

Unloading 30 unused Assets to reduce memory usage. Loaded Objects now: 2683.
Total: 3.885600 ms (FindLiveObjects: 0.346000 ms CreateObjectMapping: 0.135700 ms MarkObjects: 2.889700 ms  DeleteObjects: 0.512700 ms)

========================================================================
Received Prepare
Registering precompiled user dll's ...
Registered in 0.007185 seconds.
Begin MonoManager ReloadAssembly
Native extension for WindowsStandalone target not found
Refreshing native plugins compatible for Editor in 0.72 ms, found 3 plugins.
Preloading 0 native plugins for Editor in 0.00 ms.
Invoked RoslynAnalysisRunner static constructor.
RoslynAnalysisRunner will not be running.
RoslynAnalysisRunner has terminated.
Mono: successfully reloaded assembly
- Completed reload, in  1.635 seconds
Platform modules already initialized, skipping
Refreshing native plugins compatible for Editor in 0.64 ms, found 3 plugins.
Preloading 0 native plugins for Editor in 0.00 ms.
Unloading 2126 Unused Serialized files (Serialized files now loaded: 0)
System memory in use before: 99.1 MB.
System memory in use after: 98.6 MB.

Unloading 30 unused Assets to reduce memory usage. Loaded Objects now: 2685.
Total: 5.604800 ms (FindLiveObjects: 0.263000 ms CreateObjectMapping: 0.283600 ms MarkObjects: 4.092600 ms  DeleteObjects: 0.963600 ms)

========================================================================
Received Prepare
Registering precompiled user dll's ...
Registered in 0.008978 seconds.
Begin MonoManager ReloadAssembly
Native extension for WindowsStandalone target not found
Refreshing native plugins compatible for Editor in 1.34 ms, found 3 plugins.
Preloading 0 native plugins for Editor in 0.00 ms.
Invoked RoslynAnalysisRunner static constructor.
RoslynAnalysisRunner will not be running.
RoslynAnalysisRunner has terminated.
Mono: successfully reloaded assembly
- Completed reload, in  3.253 seconds
Platform modules already initialized, skipping
Refreshing native plugins compatible for Editor in 1.29 ms, found 3 plugins.
Preloading 0 native plugins for Editor in 0.00 ms.
Unloading 2126 Unused Serialized files (Serialized files now loaded: 0)
System memory in use before: 99.1 MB.
System memory in use after: 98.6 MB.

Unloading 30 unused Assets to reduce memory usage. Loaded Objects now: 2687.
Total: 8.307400 ms (FindLiveObjects: 0.737900 ms CreateObjectMapping: 0.394600 ms MarkObjects: 6.181900 ms  DeleteObjects: 0.989600 ms)

========================================================================
Received Prepare
Registering precompiled user dll's ...
Registered in 0.007328 seconds.
Begin MonoManager ReloadAssembly
Native extension for WindowsStandalone target not found
Refreshing native plugins compatible for Editor in 0.90 ms, found 3 plugins.
Preloading 0 native plugins for Editor in 0.00 ms.
Invoked RoslynAnalysisRunner static constructor.
RoslynAnalysisRunner will not be running.
RoslynAnalysisRunner has terminated.
Mono: successfully reloaded assembly
- Completed reload, in  1.841 seconds
Platform modules already initialized, skipping
Refreshing native plugins compatible for Editor in 0.77 ms, found 3 plugins.
Preloading 0 native plugins for Editor in 0.00 ms.
Unloading 2126 Unused Serialized files (Serialized files now loaded: 0)
System memory in use before: 99.1 MB.
System memory in use after: 98.6 MB.

Unloading 30 unused Assets to reduce memory usage. Loaded Objects now: 2689.
Total: 6.437100 ms (FindLiveObjects: 0.555300 ms CreateObjectMapping: 0.246200 ms MarkObjects: 4.952100 ms  DeleteObjects: 0.680200 ms)

========================================================================
Received Prepare
Registering precompiled user dll's ...
Registered in 0.007360 seconds.
Begin MonoManager ReloadAssembly
Native extension for WindowsStandalone target not found
Refreshing native plugins compatible for Editor in 1.64 ms, found 3 plugins.
Preloading 0 native plugins for Editor in 0.00 ms.
Invoked RoslynAnalysisRunner static constructor.
RoslynAnalysisRunner will not be running.
RoslynAnalysisRunner has terminated.
Mono: successfully reloaded assembly
- Completed reload, in  2.453 seconds
Platform modules already initialized, skipping
Refreshing native plugins compatible for Editor in 0.94 ms, found 3 plugins.
Preloading 0 native plugins for Editor in 0.00 ms.
Unloading 2126 Unused Serialized files (Serialized files now loaded: 0)
System memory in use before: 99.1 MB.
System memory in use after: 98.6 MB.

Unloading 30 unused Assets to reduce memory usage. Loaded Objects now: 2691.
Total: 3.549900 ms (FindLiveObjects: 0.327100 ms CreateObjectMapping: 0.124300 ms MarkObjects: 2.594400 ms  DeleteObjects: 0.502300 ms)

========================================================================
Received Prepare
Registering precompiled user dll's ...
Registered in 0.031105 seconds.
Begin MonoManager ReloadAssembly
Native extension for WindowsStandalone target not found
Refreshing native plugins compatible for Editor in 0.63 ms, found 3 plugins.
Preloading 0 native plugins for Editor in 0.00 ms.
Invoked RoslynAnalysisRunner static constructor.
RoslynAnalysisRunner will not be running.
RoslynAnalysisRunner has terminated.
Mono: successfully reloaded assembly
- Completed reload, in  2.200 seconds
Platform modules already initialized, skipping
Refreshing native plugins compatible for Editor in 1.72 ms, found 3 plugins.
Preloading 0 native plugins for Editor in 0.00 ms.
Unloading 2126 Unused Serialized files (Serialized files now loaded: 0)
System memory in use before: 99.1 MB.
System memory in use after: 98.6 MB.

Unloading 30 unused Assets to reduce memory usage. Loaded Objects now: 2693.
Total: 10.614400 ms (FindLiveObjects: 0.892500 ms CreateObjectMapping: 0.606700 ms MarkObjects: 7.920600 ms  DeleteObjects: 1.188700 ms)

========================================================================
Received Prepare
Registering precompiled user dll's ...
Registered in 0.007343 seconds.
Begin MonoManager ReloadAssembly
Native extension for WindowsStandalone target not found
Refreshing native plugins compatible for Editor in 0.68 ms, found 3 plugins.
Preloading 0 native plugins for Editor in 0.00 ms.
Invoked RoslynAnalysisRunner static constructor.
RoslynAnalysisRunner will not be running.
RoslynAnalysisRunner has terminated.
Mono: successfully reloaded assembly
- Completed reload, in  1.673 seconds
Platform modules already initialized, skipping
Refreshing native plugins compatible for Editor in 0.81 ms, found 3 plugins.
Preloading 0 native plugins for Editor in 0.00 ms.
Unloading 2126 Unused Serialized files (Serialized files now loaded: 0)
System memory in use before: 99.1 MB.
System memory in use after: 98.6 MB.

Unloading 30 unused Assets to reduce memory usage. Loaded Objects now: 2695.
Total: 7.706700 ms (FindLiveObjects: 0.955700 ms CreateObjectMapping: 0.345200 ms MarkObjects: 5.587200 ms  DeleteObjects: 0.815100 ms)

========================================================================
Received Prepare
Registering precompiled user dll's ...
Registered in 0.012172 seconds.
Begin MonoManager ReloadAssembly
Native extension for WindowsStandalone target not found
Refreshing native plugins compatible for Editor in 0.71 ms, found 3 plugins.
Preloading 0 native plugins for Editor in 0.00 ms.
Invoked RoslynAnalysisRunner static constructor.
RoslynAnalysisRunner will not be running.
RoslynAnalysisRunner has terminated.
Mono: successfully reloaded assembly
- Completed reload, in  1.812 seconds
Platform modules already initialized, skipping
Refreshing native plugins compatible for Editor in 0.79 ms, found 3 plugins.
Preloading 0 native plugins for Editor in 0.00 ms.
Unloading 2126 Unused Serialized files (Serialized files now loaded: 0)
System memory in use before: 99.1 MB.
System memory in use after: 98.6 MB.

Unloading 30 unused Assets to reduce memory usage. Loaded Objects now: 2697.
Total: 5.700800 ms (FindLiveObjects: 0.722500 ms CreateObjectMapping: 0.257400 ms MarkObjects: 4.252900 ms  DeleteObjects: 0.466400 ms)

========================================================================
Received Prepare
Registering precompiled user dll's ...
Registered in 0.006713 seconds.
Begin MonoManager ReloadAssembly
Native extension for WindowsStandalone target not found
Refreshing native plugins compatible for Editor in 1.08 ms, found 3 plugins.
Preloading 0 native plugins for Editor in 0.00 ms.
Invoked RoslynAnalysisRunner static constructor.
RoslynAnalysisRunner will not be running.
RoslynAnalysisRunner has terminated.
Mono: successfully reloaded assembly
- Completed reload, in  1.707 seconds
Platform modules already initialized, skipping
Refreshing native plugins compatible for Editor in 0.63 ms, found 3 plugins.
Preloading 0 native plugins for Editor in 0.00 ms.
Unloading 2126 Unused Serialized files (Serialized files now loaded: 0)
System memory in use before: 99.1 MB.
System memory in use after: 98.6 MB.

Unloading 30 unused Assets to reduce memory usage. Loaded Objects now: 2699.
Total: 4.936800 ms (FindLiveObjects: 0.368800 ms CreateObjectMapping: 0.261300 ms MarkObjects: 3.687000 ms  DeleteObjects: 0.617200 ms)

========================================================================
Received Prepare
Registering precompiled user dll's ...
Registered in 0.007431 seconds.
Begin MonoManager ReloadAssembly
Native extension for WindowsStandalone target not found
Refreshing native plugins compatible for Editor in 0.85 ms, found 3 plugins.
Preloading 0 native plugins for Editor in 0.00 ms.
Invoked RoslynAnalysisRunner static constructor.
RoslynAnalysisRunner will not be running.
RoslynAnalysisRunner has terminated.
Mono: successfully reloaded assembly
- Completed reload, in  2.444 seconds
Platform modules already initialized, skipping
Refreshing native plugins compatible for Editor in 0.75 ms, found 3 plugins.
Preloading 0 native plugins for Editor in 0.00 ms.
Unloading 2126 Unused Serialized files (Serialized files now loaded: 0)
System memory in use before: 99.3 MB.
System memory in use after: 98.7 MB.

Unloading 30 unused Assets to reduce memory usage. Loaded Objects now: 2701.
Total: 4.353900 ms (FindLiveObjects: 0.707300 ms CreateObjectMapping: 0.167000 ms MarkObjects: 3.008200 ms  DeleteObjects: 0.469600 ms)

========================================================================
Received Prepare
Registering precompiled user dll's ...
Registered in 0.007761 seconds.
Begin MonoManager ReloadAssembly
Native extension for WindowsStandalone target not found
Refreshing native plugins compatible for Editor in 1.12 ms, found 3 plugins.
Preloading 0 native plugins for Editor in 0.00 ms.
Invoked RoslynAnalysisRunner static constructor.
RoslynAnalysisRunner will not be running.
RoslynAnalysisRunner has terminated.
Mono: successfully reloaded assembly
- Completed reload, in  1.913 seconds
Platform modules already initialized, skipping
Refreshing native plugins compatible for Editor in 0.69 ms, found 3 plugins.
Preloading 0 native plugins for Editor in 0.00 ms.
Unloading 2126 Unused Serialized files (Serialized files now loaded: 0)
System memory in use before: 99.3 MB.
System memory in use after: 98.7 MB.

Unloading 30 unused Assets to reduce memory usage. Loaded Objects now: 2703.
Total: 5.065600 ms (FindLiveObjects: 0.620100 ms CreateObjectMapping: 0.299400 ms MarkObjects: 3.684000 ms  DeleteObjects: 0.460600 ms)

========================================================================
Received Prepare
Registering precompiled user dll's ...
Registered in 0.013884 seconds.
Begin MonoManager ReloadAssembly
Native extension for WindowsStandalone target not found
Refreshing native plugins compatible for Editor in 0.60 ms, found 3 plugins.
Preloading 0 native plugins for Editor in 0.00 ms.
Invoked RoslynAnalysisRunner static constructor.
RoslynAnalysisRunner will not be running.
RoslynAnalysisRunner has terminated.
Mono: successfully reloaded assembly
- Completed reload, in  1.937 seconds
Platform modules already initialized, skipping
Refreshing native plugins compatible for Editor in 0.62 ms, found 3 plugins.
Preloading 0 native plugins for Editor in 0.00 ms.
Unloading 2126 Unused Serialized files (Serialized files now loaded: 0)
System memory in use before: 99.3 MB.
System memory in use after: 98.8 MB.

Unloading 30 unused Assets to reduce memory usage. Loaded Objects now: 2705.
Total: 4.960100 ms (FindLiveObjects: 0.333200 ms CreateObjectMapping: 0.167500 ms MarkObjects: 3.822500 ms  DeleteObjects: 0.635000 ms)

========================================================================
Received Prepare
Registering precompiled user dll's ...
Registered in 0.008244 seconds.
Begin MonoManager ReloadAssembly
Native extension for WindowsStandalone target not found
Refreshing native plugins compatible for Editor in 1.46 ms, found 3 plugins.
Preloading 0 native plugins for Editor in 0.00 ms.
Invoked RoslynAnalysisRunner static constructor.
RoslynAnalysisRunner will not be running.
RoslynAnalysisRunner has terminated.
Mono: successfully reloaded assembly
- Completed reload, in  2.553 seconds
Platform modules already initialized, skipping
Refreshing native plugins compatible for Editor in 0.59 ms, found 3 plugins.
Preloading 0 native plugins for Editor in 0.00 ms.
Unloading 2126 Unused Serialized files (Serialized files now loaded: 0)
System memory in use before: 99.3 MB.
System memory in use after: 98.9 MB.

Unloading 30 unused Assets to reduce memory usage. Loaded Objects now: 2707.
Total: 4.573600 ms (FindLiveObjects: 0.407300 ms CreateObjectMapping: 0.224700 ms MarkObjects: 3.427800 ms  DeleteObjects: 0.512000 ms)

========================================================================
Received Prepare
Registering precompiled user dll's ...
Registered in 0.015101 seconds.
Begin MonoManager ReloadAssembly
Native extension for WindowsStandalone target not found
Refreshing native plugins compatible for Editor in 1.11 ms, found 3 plugins.
Preloading 0 native plugins for Editor in 0.00 ms.
Invoked RoslynAnalysisRunner static constructor.
RoslynAnalysisRunner will not be running.
RoslynAnalysisRunner has terminated.
Mono: successfully reloaded assembly
- Completed reload, in  3.226 seconds
Platform modules already initialized, skipping
Refreshing native plugins compatible for Editor in 0.58 ms, found 3 plugins.
Preloading 0 native plugins for Editor in 0.00 ms.
Unloading 2126 Unused Serialized files (Serialized files now loaded: 0)
System memory in use before: 99.3 MB.
System memory in use after: 98.9 MB.

Unloading 30 unused Assets to reduce memory usage. Loaded Objects now: 2709.
Total: 4.726500 ms (FindLiveObjects: 0.640400 ms CreateObjectMapping: 0.368200 ms MarkObjects: 3.210100 ms  DeleteObjects: 0.505200 ms)

========================================================================
Received Prepare
Registering precompiled user dll's ...
Registered in 0.006858 seconds.
Begin MonoManager ReloadAssembly
Native extension for WindowsStandalone target not found
Refreshing native plugins compatible for Editor in 0.87 ms, found 3 plugins.
Preloading 0 native plugins for Editor in 0.00 ms.
Invoked RoslynAnalysisRunner static constructor.
RoslynAnalysisRunner will not be running.
RoslynAnalysisRunner has terminated.
Mono: successfully reloaded assembly
- Completed reload, in  2.712 seconds
Platform modules already initialized, skipping
Refreshing native plugins compatible for Editor in 0.56 ms, found 3 plugins.
Preloading 0 native plugins for Editor in 0.00 ms.
Unloading 2126 Unused Serialized files (Serialized files now loaded: 0)
System memory in use before: 99.3 MB.
System memory in use after: 98.9 MB.

Unloading 30 unused Assets to reduce memory usage. Loaded Objects now: 2711.
Total: 4.081400 ms (FindLiveObjects: 0.511800 ms CreateObjectMapping: 0.187600 ms MarkObjects: 2.895900 ms  DeleteObjects: 0.483900 ms)

========================================================================
Received Prepare
Registering precompiled user dll's ...
Registered in 0.007991 seconds.
Begin MonoManager ReloadAssembly
Native extension for WindowsStandalone target not found
Refreshing native plugins compatible for Editor in 0.76 ms, found 3 plugins.
Preloading 0 native plugins for Editor in 0.00 ms.
Invoked RoslynAnalysisRunner static constructor.
RoslynAnalysisRunner will not be running.
RoslynAnalysisRunner has terminated.
Mono: successfully reloaded assembly
- Completed reload, in  2.630 seconds
Platform modules already initialized, skipping
Refreshing native plugins compatible for Editor in 0.65 ms, found 3 plugins.
Preloading 0 native plugins for Editor in 0.00 ms.
Unloading 2126 Unused Serialized files (Serialized files now loaded: 0)
System memory in use before: 99.3 MB.
System memory in use after: 98.9 MB.

Unloading 30 unused Assets to reduce memory usage. Loaded Objects now: 2713.
Total: 4.841500 ms (FindLiveObjects: 0.387600 ms CreateObjectMapping: 0.181200 ms MarkObjects: 3.750600 ms  DeleteObjects: 0.520000 ms)

========================================================================
Received Prepare
Registering precompiled user dll's ...
Registered in 0.010489 seconds.
Begin MonoManager ReloadAssembly
Native extension for WindowsStandalone target not found
Refreshing native plugins compatible for Editor in 0.66 ms, found 3 plugins.
Preloading 0 native plugins for Editor in 0.00 ms.
Invoked RoslynAnalysisRunner static constructor.
RoslynAnalysisRunner will not be running.
RoslynAnalysisRunner has terminated.
Mono: successfully reloaded assembly
- Completed reload, in  1.833 seconds
Platform modules already initialized, skipping
Refreshing native plugins compatible for Editor in 0.91 ms, found 3 plugins.
Preloading 0 native plugins for Editor in 0.00 ms.
Unloading 2126 Unused Serialized files (Serialized files now loaded: 0)
System memory in use before: 99.3 MB.
System memory in use after: 98.9 MB.

Unloading 30 unused Assets to reduce memory usage. Loaded Objects now: 2715.
Total: 6.048300 ms (FindLiveObjects: 0.571300 ms CreateObjectMapping: 0.286100 ms MarkObjects: 4.505300 ms  DeleteObjects: 0.682700 ms)

========================================================================
Received Prepare
Registering precompiled user dll's ...
Registered in 0.007473 seconds.
Begin MonoManager ReloadAssembly
Native extension for WindowsStandalone target not found
Refreshing native plugins compatible for Editor in 0.90 ms, found 3 plugins.
Preloading 0 native plugins for Editor in 0.00 ms.
Invoked RoslynAnalysisRunner static constructor.
RoslynAnalysisRunner will not be running.
RoslynAnalysisRunner has terminated.
Mono: successfully reloaded assembly
- Completed reload, in  2.754 seconds
Platform modules already initialized, skipping
Refreshing native plugins compatible for Editor in 0.68 ms, found 3 plugins.
Preloading 0 native plugins for Editor in 0.00 ms.
Unloading 2126 Unused Serialized files (Serialized files now loaded: 0)
System memory in use before: 99.3 MB.
System memory in use after: 98.9 MB.

Unloading 30 unused Assets to reduce memory usage. Loaded Objects now: 2717.
Total: 5.259900 ms (FindLiveObjects: 0.394900 ms CreateObjectMapping: 0.406600 ms MarkObjects: 3.953400 ms  DeleteObjects: 0.502400 ms)

========================================================================
Received Prepare
Registering precompiled user dll's ...
Registered in 0.006939 seconds.
Begin MonoManager ReloadAssembly
Native extension for WindowsStandalone target not found
Refreshing native plugins compatible for Editor in 0.91 ms, found 3 plugins.
Preloading 0 native plugins for Editor in 0.00 ms.
Invoked RoslynAnalysisRunner static constructor.
RoslynAnalysisRunner will not be running.
RoslynAnalysisRunner has terminated.
Mono: successfully reloaded assembly
- Completed reload, in  1.937 seconds
Platform modules already initialized, skipping
Refreshing native plugins compatible for Editor in 0.75 ms, found 3 plugins.
Preloading 0 native plugins for Editor in 0.00 ms.
Unloading 2126 Unused Serialized files (Serialized files now loaded: 0)
System memory in use before: 99.3 MB.
System memory in use after: 98.9 MB.

Unloading 30 unused Assets to reduce memory usage. Loaded Objects now: 2719.
Total: 5.733800 ms (FindLiveObjects: 0.651200 ms CreateObjectMapping: 0.350300 ms MarkObjects: 4.052300 ms  DeleteObjects: 0.676600 ms)

========================================================================
Received Prepare
Registering precompiled user dll's ...
Registered in 0.010839 seconds.
Begin MonoManager ReloadAssembly
Native extension for WindowsStandalone target not found
Refreshing native plugins compatible for Editor in 1.20 ms, found 3 plugins.
Preloading 0 native plugins for Editor in 0.00 ms.
Invoked RoslynAnalysisRunner static constructor.
RoslynAnalysisRunner will not be running.
RoslynAnalysisRunner has terminated.
Mono: successfully reloaded assembly
- Completed reload, in  3.021 seconds
Platform modules already initialized, skipping
Refreshing native plugins compatible for Editor in 0.62 ms, found 3 plugins.
Preloading 0 native plugins for Editor in 0.00 ms.
Unloading 2126 Unused Serialized files (Serialized files now loaded: 0)
System memory in use before: 99.3 MB.
System memory in use after: 98.9 MB.

Unloading 30 unused Assets to reduce memory usage. Loaded Objects now: 2721.
Total: 3.876700 ms (FindLiveObjects: 0.309500 ms CreateObjectMapping: 0.111900 ms MarkObjects: 2.948500 ms  DeleteObjects: 0.504500 ms)

========================================================================
Received Prepare
Registering precompiled user dll's ...
Registered in 0.006746 seconds.
Begin MonoManager ReloadAssembly
Native extension for WindowsStandalone target not found
Refreshing native plugins compatible for Editor in 0.70 ms, found 3 plugins.
Preloading 0 native plugins for Editor in 0.00 ms.
Invoked RoslynAnalysisRunner static constructor.
RoslynAnalysisRunner will not be running.
RoslynAnalysisRunner has terminated.
Mono: successfully reloaded assembly
- Completed reload, in  1.997 seconds
Platform modules already initialized, skipping
Refreshing native plugins compatible for Editor in 0.59 ms, found 3 plugins.
Preloading 0 native plugins for Editor in 0.00 ms.
Unloading 2126 Unused Serialized files (Serialized files now loaded: 0)
System memory in use before: 99.3 MB.
System memory in use after: 98.9 MB.

Unloading 30 unused Assets to reduce memory usage. Loaded Objects now: 2723.
Total: 8.007700 ms (FindLiveObjects: 0.610700 ms CreateObjectMapping: 0.275800 ms MarkObjects: 6.135100 ms  DeleteObjects: 0.982900 ms)

========================================================================
Received Prepare
Registering precompiled user dll's ...
Registered in 0.012533 seconds.
Begin MonoManager ReloadAssembly
Native extension for WindowsStandalone target not found
Refreshing native plugins compatible for Editor in 0.93 ms, found 3 plugins.
Preloading 0 native plugins for Editor in 0.00 ms.
Invoked RoslynAnalysisRunner static constructor.
RoslynAnalysisRunner will not be running.
RoslynAnalysisRunner has terminated.
Mono: successfully reloaded assembly
- Completed reload, in  3.942 seconds
Platform modules already initialized, skipping
Refreshing native plugins compatible for Editor in 1.47 ms, found 3 plugins.
Preloading 0 native plugins for Editor in 0.00 ms.
Unloading 2126 Unused Serialized files (Serialized files now loaded: 0)
System memory in use before: 99.3 MB.
System memory in use after: 98.9 MB.

Unloading 30 unused Assets to reduce memory usage. Loaded Objects now: 2725.
Total: 6.645700 ms (FindLiveObjects: 0.533100 ms CreateObjectMapping: 0.269300 ms MarkObjects: 4.984200 ms  DeleteObjects: 0.856200 ms)

========================================================================
Received Prepare
Registering precompiled user dll's ...
Registered in 0.007052 seconds.
Begin MonoManager ReloadAssembly
Native extension for WindowsStandalone target not found
Refreshing native plugins compatible for Editor in 1.10 ms, found 3 plugins.
Preloading 0 native plugins for Editor in 0.00 ms.
Invoked RoslynAnalysisRunner static constructor.
RoslynAnalysisRunner will not be running.
RoslynAnalysisRunner has terminated.
Mono: successfully reloaded assembly
- Completed reload, in  2.503 seconds
Platform modules already initialized, skipping
Refreshing native plugins compatible for Editor in 1.16 ms, found 3 plugins.
Preloading 0 native plugins for Editor in 0.00 ms.
Unloading 2126 Unused Serialized files (Serialized files now loaded: 0)
System memory in use before: 99.3 MB.
System memory in use after: 98.9 MB.

Unloading 30 unused Assets to reduce memory usage. Loaded Objects now: 2727.
Total: 8.433200 ms (FindLiveObjects: 0.663800 ms CreateObjectMapping: 0.370800 ms MarkObjects: 6.459400 ms  DeleteObjects: 0.935200 ms)

========================================================================
Received Prepare
Registering precompiled user dll's ...
Registered in 0.008046 seconds.
Begin MonoManager ReloadAssembly
Native extension for WindowsStandalone target not found
Refreshing native plugins compatible for Editor in 1.02 ms, found 3 plugins.
Preloading 0 native plugins for Editor in 0.00 ms.
Invoked RoslynAnalysisRunner static constructor.
RoslynAnalysisRunner will not be running.
RoslynAnalysisRunner has terminated.
Mono: successfully reloaded assembly
- Completed reload, in  2.453 seconds
Platform modules already initialized, skipping
Refreshing native plugins compatible for Editor in 0.95 ms, found 3 plugins.
Preloading 0 native plugins for Editor in 0.00 ms.
Unloading 2126 Unused Serialized files (Serialized files now loaded: 0)
System memory in use before: 99.3 MB.
System memory in use after: 98.9 MB.

Unloading 30 unused Assets to reduce memory usage. Loaded Objects now: 2729.
Total: 8.082400 ms (FindLiveObjects: 0.768600 ms CreateObjectMapping: 0.385000 ms MarkObjects: 6.066600 ms  DeleteObjects: 0.858500 ms)

========================================================================
Received Prepare
Registering precompiled user dll's ...
Registered in 0.011555 seconds.
Begin MonoManager ReloadAssembly
Native extension for WindowsStandalone target not found
Refreshing native plugins compatible for Editor in 0.57 ms, found 3 plugins.
Preloading 0 native plugins for Editor in 0.00 ms.
Invoked RoslynAnalysisRunner static constructor.
RoslynAnalysisRunner will not be running.
RoslynAnalysisRunner has terminated.
Mono: successfully reloaded assembly
- Completed reload, in  2.462 seconds
Platform modules already initialized, skipping
Refreshing native plugins compatible for Editor in 0.78 ms, found 3 plugins.
Preloading 0 native plugins for Editor in 0.00 ms.
Unloading 2126 Unused Serialized files (Serialized files now loaded: 0)
System memory in use before: 99.3 MB.
System memory in use after: 98.9 MB.

Unloading 30 unused Assets to reduce memory usage. Loaded Objects now: 2731.
Total: 5.095000 ms (FindLiveObjects: 0.448900 ms CreateObjectMapping: 0.189200 ms MarkObjects: 3.700300 ms  DeleteObjects: 0.754400 ms)

========================================================================
Received Prepare
Registering precompiled user dll's ...
Registered in 0.011649 seconds.
Begin MonoManager ReloadAssembly
Native extension for WindowsStandalone target not found
Refreshing native plugins compatible for Editor in 0.70 ms, found 3 plugins.
Preloading 0 native plugins for Editor in 0.00 ms.
Invoked RoslynAnalysisRunner static constructor.
RoslynAnalysisRunner will not be running.
RoslynAnalysisRunner has terminated.
Mono: successfully reloaded assembly
- Completed reload, in  3.111 seconds
Platform modules already initialized, skipping
Refreshing native plugins compatible for Editor in 1.11 ms, found 3 plugins.
Preloading 0 native plugins for Editor in 0.00 ms.
Unloading 2126 Unused Serialized files (Serialized files now loaded: 0)
System memory in use before: 99.4 MB.
System memory in use after: 98.9 MB.

Unloading 30 unused Assets to reduce memory usage. Loaded Objects now: 2733.
Total: 6.347200 ms (FindLiveObjects: 0.856400 ms CreateObjectMapping: 0.382100 ms MarkObjects: 4.415800 ms  DeleteObjects: 0.689600 ms)

========================================================================
Received Prepare
Registering precompiled user dll's ...
Registered in 0.008398 seconds.
Begin MonoManager ReloadAssembly
Native extension for WindowsStandalone target not found
Refreshing native plugins compatible for Editor in 0.67 ms, found 3 plugins.
Preloading 0 native plugins for Editor in 0.00 ms.
Invoked RoslynAnalysisRunner static constructor.
RoslynAnalysisRunner will not be running.
RoslynAnalysisRunner has terminated.
Mono: successfully reloaded assembly
- Completed reload, in  1.913 seconds
Platform modules already initialized, skipping
Refreshing native plugins compatible for Editor in 0.98 ms, found 3 plugins.
Preloading 0 native plugins for Editor in 0.00 ms.
Unloading 2126 Unused Serialized files (Serialized files now loaded: 0)
System memory in use before: 99.4 MB.
System memory in use after: 98.9 MB.

Unloading 30 unused Assets to reduce memory usage. Loaded Objects now: 2735.
Total: 6.824700 ms (FindLiveObjects: 0.548500 ms CreateObjectMapping: 0.248100 ms MarkObjects: 5.201400 ms  DeleteObjects: 0.823100 ms)

========================================================================
Received Prepare
Registering precompiled user dll's ...
Registered in 0.009742 seconds.
Begin MonoManager ReloadAssembly
Native extension for WindowsStandalone target not found
Refreshing native plugins compatible for Editor in 0.61 ms, found 3 plugins.
Preloading 0 native plugins for Editor in 0.00 ms.
Invoked RoslynAnalysisRunner static constructor.
RoslynAnalysisRunner will not be running.
RoslynAnalysisRunner has terminated.
Mono: successfully reloaded assembly
- Completed reload, in  2.021 seconds
Platform modules already initialized, skipping
Refreshing native plugins compatible for Editor in 0.67 ms, found 3 plugins.
Preloading 0 native plugins for Editor in 0.00 ms.
Unloading 2126 Unused Serialized files (Serialized files now loaded: 0)
System memory in use before: 99.4 MB.
System memory in use after: 99.0 MB.

Unloading 30 unused Assets to reduce memory usage. Loaded Objects now: 2737.
Total: 4.511500 ms (FindLiveObjects: 0.392400 ms CreateObjectMapping: 0.178800 ms MarkObjects: 3.213300 ms  DeleteObjects: 0.725000 ms)

========================================================================
Received Prepare
Registering precompiled user dll's ...
Registered in 0.007641 seconds.
Begin MonoManager ReloadAssembly
Native extension for WindowsStandalone target not found
Refreshing native plugins compatible for Editor in 1.19 ms, found 3 plugins.
Preloading 0 native plugins for Editor in 0.00 ms.
Invoked RoslynAnalysisRunner static constructor.
RoslynAnalysisRunner will not be running.
RoslynAnalysisRunner has terminated.
Mono: successfully reloaded assembly
- Completed reload, in  1.957 seconds
Platform modules already initialized, skipping
Refreshing native plugins compatible for Editor in 0.68 ms, found 3 plugins.
Preloading 0 native plugins for Editor in 0.00 ms.
Unloading 2126 Unused Serialized files (Serialized files now loaded: 0)
System memory in use before: 99.4 MB.
System memory in use after: 99.0 MB.

Unloading 30 unused Assets to reduce memory usage. Loaded Objects now: 2739.
Total: 7.289600 ms (FindLiveObjects: 0.499300 ms CreateObjectMapping: 0.246900 ms MarkObjects: 5.708900 ms  DeleteObjects: 0.831700 ms)

========================================================================
Received Prepare
Registering precompiled user dll's ...
Registered in 0.010664 seconds.
Begin MonoManager ReloadAssembly
Native extension for WindowsStandalone target not found
Refreshing native plugins compatible for Editor in 0.56 ms, found 3 plugins.
Preloading 0 native plugins for Editor in 0.00 ms.
Invoked RoslynAnalysisRunner static constructor.
RoslynAnalysisRunner will not be running.
RoslynAnalysisRunner has terminated.
Mono: successfully reloaded assembly
- Completed reload, in  1.507 seconds
Platform modules already initialized, skipping
Refreshing native plugins compatible for Editor in 0.67 ms, found 3 plugins.
Preloading 0 native plugins for Editor in 0.00 ms.
Unloading 2126 Unused Serialized files (Serialized files now loaded: 0)
System memory in use before: 99.4 MB.
System memory in use after: 99.0 MB.

Unloading 30 unused Assets to reduce memory usage. Loaded Objects now: 2741.
Total: 4.259200 ms (FindLiveObjects: 0.371700 ms CreateObjectMapping: 0.195000 ms MarkObjects: 3.192600 ms  DeleteObjects: 0.497900 ms)

========================================================================
Received Prepare
Registering precompiled user dll's ...
Registered in 0.007923 seconds.
Begin MonoManager ReloadAssembly
Native extension for WindowsStandalone target not found
Refreshing native plugins compatible for Editor in 0.58 ms, found 3 plugins.
Preloading 0 native plugins for Editor in 0.00 ms.
Invoked RoslynAnalysisRunner static constructor.
RoslynAnalysisRunner will not be running.
RoslynAnalysisRunner has terminated.
Mono: successfully reloaded assembly
- Completed reload, in  1.875 seconds
Platform modules already initialized, skipping
Refreshing native plugins compatible for Editor in 0.61 ms, found 3 plugins.
Preloading 0 native plugins for Editor in 0.00 ms.
Unloading 2126 Unused Serialized files (Serialized files now loaded: 0)
System memory in use before: 99.4 MB.
System memory in use after: 99.0 MB.

Unloading 30 unused Assets to reduce memory usage. Loaded Objects now: 2743.
Total: 4.242900 ms (FindLiveObjects: 0.704700 ms CreateObjectMapping: 0.267800 ms MarkObjects: 2.831100 ms  DeleteObjects: 0.438000 ms)

========================================================================
Received Prepare
Registering precompiled user dll's ...
Registered in 0.006893 seconds.
Begin MonoManager ReloadAssembly
Native extension for WindowsStandalone target not found
Refreshing native plugins compatible for Editor in 0.92 ms, found 3 plugins.
Preloading 0 native plugins for Editor in 0.00 ms.
Invoked RoslynAnalysisRunner static constructor.
RoslynAnalysisRunner will not be running.
RoslynAnalysisRunner has terminated.
Mono: successfully reloaded assembly
- Completed reload, in  1.909 seconds
Platform modules already initialized, skipping
Refreshing native plugins compatible for Editor in 0.59 ms, found 3 plugins.
Preloading 0 native plugins for Editor in 0.00 ms.
Unloading 2126 Unused Serialized files (Serialized files now loaded: 0)
System memory in use before: 99.4 MB.
System memory in use after: 99.0 MB.

Unloading 30 unused Assets to reduce memory usage. Loaded Objects now: 2745.
Total: 4.620600 ms (FindLiveObjects: 0.401600 ms CreateObjectMapping: 0.233400 ms MarkObjects: 3.503000 ms  DeleteObjects: 0.480300 ms)

========================================================================
Received Prepare
Registering precompiled user dll's ...
Registered in 0.009986 seconds.
Begin MonoManager ReloadAssembly
Native extension for WindowsStandalone target not found
Refreshing native plugins compatible for Editor in 1.01 ms, found 3 plugins.
Preloading 0 native plugins for Editor in 0.00 ms.
Invoked RoslynAnalysisRunner static constructor.
RoslynAnalysisRunner will not be running.
RoslynAnalysisRunner has terminated.
Mono: successfully reloaded assembly
- Completed reload, in  2.998 seconds
Platform modules already initialized, skipping
Refreshing native plugins compatible for Editor in 0.96 ms, found 3 plugins.
Preloading 0 native plugins for Editor in 0.00 ms.
Unloading 2126 Unused Serialized files (Serialized files now loaded: 0)
System memory in use before: 99.4 MB.
System memory in use after: 99.0 MB.

Unloading 30 unused Assets to reduce memory usage. Loaded Objects now: 2747.
Total: 5.164800 ms (FindLiveObjects: 0.702300 ms CreateObjectMapping: 0.292800 ms MarkObjects: 3.685800 ms  DeleteObjects: 0.481800 ms)

========================================================================
Received Prepare
Registering precompiled user dll's ...
Registered in 0.006800 seconds.
Begin MonoManager ReloadAssembly
Native extension for WindowsStandalone target not found
Refreshing native plugins compatible for Editor in 0.96 ms, found 3 plugins.
Preloading 0 native plugins for Editor in 0.00 ms.
Invoked RoslynAnalysisRunner static constructor.
RoslynAnalysisRunner will not be running.
RoslynAnalysisRunner has terminated.
Mono: successfully reloaded assembly
- Completed reload, in  1.684 seconds
Platform modules already initialized, skipping
Refreshing native plugins compatible for Editor in 1.24 ms, found 3 plugins.
Preloading 0 native plugins for Editor in 0.00 ms.
Unloading 2126 Unused Serialized files (Serialized files now loaded: 0)
System memory in use before: 99.4 MB.
System memory in use after: 99.0 MB.

Unloading 30 unused Assets to reduce memory usage. Loaded Objects now: 2749.
Total: 9.568100 ms (FindLiveObjects: 1.150900 ms CreateObjectMapping: 0.453000 ms MarkObjects: 6.948100 ms  DeleteObjects: 1.011600 ms)

========================================================================
Received Prepare
Registering precompiled user dll's ...
Registered in 0.022162 seconds.
Begin MonoManager ReloadAssembly
Native extension for WindowsStandalone target not found
Refreshing native plugins compatible for Editor in 0.67 ms, found 3 plugins.
Preloading 0 native plugins for Editor in 0.00 ms.
Invoked RoslynAnalysisRunner static constructor.
RoslynAnalysisRunner will not be running.
RoslynAnalysisRunner has terminated.
Mono: successfully reloaded assembly
- Completed reload, in  1.871 seconds
Platform modules already initialized, skipping
Refreshing native plugins compatible for Editor in 0.66 ms, found 3 plugins.
Preloading 0 native plugins for Editor in 0.00 ms.
Unloading 2126 Unused Serialized files (Serialized files now loaded: 0)
System memory in use before: 99.4 MB.
System memory in use after: 99.0 MB.

Unloading 30 unused Assets to reduce memory usage. Loaded Objects now: 2751.
Total: 4.440400 ms (FindLiveObjects: 0.392600 ms CreateObjectMapping: 0.237700 ms MarkObjects: 3.296100 ms  DeleteObjects: 0.511800 ms)

========================================================================
Received Prepare
Registering precompiled user dll's ...
Registered in 0.009234 seconds.
Begin MonoManager ReloadAssembly
Native extension for WindowsStandalone target not found
Refreshing native plugins compatible for Editor in 1.13 ms, found 3 plugins.
Preloading 0 native plugins for Editor in 0.00 ms.
Invoked RoslynAnalysisRunner static constructor.
RoslynAnalysisRunner will not be running.
RoslynAnalysisRunner has terminated.
Mono: successfully reloaded assembly
- Completed reload, in  2.024 seconds
Platform modules already initialized, skipping
Refreshing native plugins compatible for Editor in 1.03 ms, found 3 plugins.
Preloading 0 native plugins for Editor in 0.00 ms.
Unloading 2126 Unused Serialized files (Serialized files now loaded: 0)
System memory in use before: 99.4 MB.
System memory in use after: 99.0 MB.

Unloading 30 unused Assets to reduce memory usage. Loaded Objects now: 2753.
Total: 7.182200 ms (FindLiveObjects: 0.566900 ms CreateObjectMapping: 0.690600 ms MarkObjects: 5.126400 ms  DeleteObjects: 0.795400 ms)

========================================================================
Received Import Request.
  Time since last request: 4412.245255 seconds.
  path: Assets/Tasks.txt
  artifactKey: Guid(76a0518b2eee6b148a0693cd2105f76d) Importer(815301076,1909f56bfc062723c751e8b465ee728b)
Start importing Assets/Tasks.txt using Guid(76a0518b2eee6b148a0693cd2105f76d) Importer(815301076,1909f56bfc062723c751e8b465ee728b)  -> (artifact id: '1eee411d7279348df22a3b2231b7ed2b') in 0.128556 seconds
  Import took 0.135742 seconds .

========================================================================
Received Import Request.
  Time since last request: 137.467577 seconds.
  path: Assets/Tasks.txt
  artifactKey: Guid(76a0518b2eee6b148a0693cd2105f76d) Importer(815301076,1909f56bfc062723c751e8b465ee728b)
Start importing Assets/Tasks.txt using Guid(76a0518b2eee6b148a0693cd2105f76d) Importer(815301076,1909f56bfc062723c751e8b465ee728b)  -> (artifact id: 'd1e72f46075ac055f24a6ba94d24d8fa') in 0.007317 seconds
  Import took 0.014834 seconds .

========================================================================
Received Import Request.
  Time since last request: 25.775978 seconds.
  path: Assets/Prefab/Character.prefab
  artifactKey: Guid(ad33a31da65d383488651642118a93a9) Importer(815301076,1909f56bfc062723c751e8b465ee728b)
Start importing Assets/Prefab/Character.prefab using Guid(ad33a31da65d383488651642118a93a9) Importer(815301076,1909f56bfc062723c751e8b465ee728b)  -> (artifact id: '52593a20841a9d7b3c783d8e925c20d7') in 0.101260 seconds
  Import took 0.106279 seconds .

========================================================================
Received Import Request.
  Time since last request: 1.455649 seconds.
  path: Assets/Prefab/Character.prefab
  artifactKey: Guid(ad33a31da65d383488651642118a93a9) Importer(815301076,1909f56bfc062723c751e8b465ee728b)
Start importing Assets/Prefab/Character.prefab using Guid(ad33a31da65d383488651642118a93a9) Importer(815301076,1909f56bfc062723c751e8b465ee728b)  -> (artifact id: '95dadd4271ad9f436cf3ca062e605c6c') in 0.024602 seconds
  Import took 0.031792 seconds .

AssetImportWorkerClient::OnTransportError - code=2 error=End of file
